00:00:05.211482 VirtualBox GUI VM Selector Window 6.1.34 r150636 linux.amd64 (Mar 23 2022 12:15:15) release log
00:00:05.211484 Log opened 2022-04-22T00:53:07.490552000Z
00:00:05.211485 Build Type: release
00:00:05.211489 OS Product: Linux
00:00:05.211489 OS Release: 5.13.0-39-generic
00:00:05.211490 OS Version: #44~20.04.1-Ubuntu SMP Thu Mar 24 16:43:35 UTC 2022
00:00:05.211518 DMI Product Name: To Be Filled By O.E.M.
00:00:05.211527 DMI Product Version: To Be Filled By O.E.M.
00:00:05.211535 Firmware type: UEFI
00:00:05.211796 Secure Boot: Disabled
00:00:05.211835 Host RAM: 15957MB (15.5GB) total, 10032MB (9.7GB) available
00:00:05.211842 Executable: /usr/lib/virtualbox/VirtualBox
00:00:05.211843 Process ID: 111242
00:00:05.211843 Package type: LINUX_64BITS_UBUNTU_19_10
00:00:05.211869 Qt version: 5.12.8
00:00:05.242941 GUI: UIMediumEnumerator: Medium-enumeration started...
00:00:05.799551 GUI: UIInvisibleWindow::sltFallback: Move event haven't came. Screen: 0, work area: 1280x124 x 1600x900
00:00:05.799576 GUI: UIDesktopWidgetWatchdog::sltHandleHostScreenAvailableGeometryCalculated: Screen 0 work area is actually resized to: 1280x124 x 1600x900
00:00:05.799598 GUI: UIInvisibleWindow::sltFallback: Move event haven't came. Screen: 1, work area: 0x0 x 1280x1024
00:00:05.799604 GUI: UIDesktopWidgetWatchdog::sltHandleHostScreenAvailableGeometryCalculated: Screen 1 work area is actually resized to: 0x0 x 1280x1024
00:00:05.887338 GUI: UIMediumEnumerator: Medium-enumeration finished!
