00:00:00.000381 main     VirtualBox XPCOM Server 6.1.34 r150636 linux.amd64 (Mar 23 2022 12:15:15) release log
00:00:00.000384 main     Log opened 2022-04-22T00:53:07.316735000Z
00:00:00.000384 main     Build Type: release
00:00:00.000387 main     OS Product: Linux
00:00:00.000388 main     OS Release: 5.13.0-39-generic
00:00:00.000389 main     OS Version: #44~20.04.1-Ubuntu SMP Thu Mar 24 16:43:35 UTC 2022
00:00:00.000414 main     DMI Product Name: To Be Filled By O.E.M.
00:00:00.000424 main     DMI Product Version: To Be Filled By O.E.M.
00:00:00.000429 main     Firmware type: UEFI
00:00:00.000791 main     Secure Boot: Disabled
00:00:00.000837 main     Host RAM: 15957MB (15.5GB) total, 10037MB (9.8GB) available
00:00:00.000839 main     Executable: /usr/lib/virtualbox/VBoxSVC
00:00:00.000840 main     Process ID: 111862
00:00:00.000840 main     Package type: LINUX_64BITS_UBUNTU_19_10
00:00:00.002063 main     IPC socket path: /tmp/.vbox-ocsiker-ipc/ipcd
00:00:00.105038 nspr-2   VirtualBox: object creation starts
00:00:00.105105 nspr-2   Home directory: '/home/ocsiker/.config/VirtualBox'
00:00:00.105732 nspr-2   Loading settings file "/home/ocsiker/.config/VirtualBox/VirtualBox.xml" with version "1.12-linux"
00:00:00.107215 nspr-2   HostDnsMonitor: initializing
00:00:00.107430 nspr-2   NAT: resolv.conf: nameserver 127.0.0.53
00:00:00.107444 nspr-2   NAT: resolv.conf: ignoring "options edns0 trust-ad"
00:00:00.107457 nspr-2   HostDnsMonitor: updating information
00:00:00.107477 nspr-2   HostDnsMonitor: old information
00:00:00.107481 nspr-2     no server entries
00:00:00.107484 nspr-2     no domain set
00:00:00.107486 nspr-2     no search string entries
00:00:00.107488 nspr-2   HostDnsMonitor: new information
00:00:00.107491 nspr-2     server 1: 127.0.0.53
00:00:00.107494 nspr-2     domain: Home
00:00:00.107496 nspr-2     search string 1: Home
00:00:00.113809 nspr-2   VD: VDInit finished with VINF_SUCCESS
00:00:00.120366 nspr-2   Loading settings file "/home/ocsiker/VirtualBox VMs/_window 10/_window 10.vbox" with version "1.15-linux"
00:00:00.122432 nspr-2   OCI: Local config file '/home/ocsiker/.config/VirtualBox/oci_config' does not exist
00:00:00.122462 nspr-2   OCI: Original config file '/home/ocsiker/.oci/config' does not exist
00:00:00.122470 nspr-2   OCI: Reading profiles finished with status NS_OK
00:00:00.122488 nspr-2   ExtPack: Created cloud provider 'OCI' (hrc=NS_OK)
00:00:00.122513 nspr-2   VirtualBox: object created
00:00:00.853437 nspr-3   WARNING [COM]: aRC=NS_ERROR_FAILURE (0x80004005) aIID={16ced992-5fdc-4aba-aff5-6a39bbd7c38b} aComponent={HostWrap} aText={VirtualBox is not currently allowed to access USB devices.  You can change this by adding your user to the 'vboxusers' group.  Please see the user manual for a more detailed explanation}, preserve=true  aResultDetail=0
00:00:01.059115 nspr-3   WARNING [COM]: aRC=NS_ERROR_FAILURE (0x80004005) aIID={16ced992-5fdc-4aba-aff5-6a39bbd7c38b} aComponent={HostWrap} aText={VirtualBox is not currently allowed to access USB devices.  You can change this by adding your user to the 'vboxusers' group.  Please see the user manual for a more detailed explanation}, preserve=true  aResultDetail=0
00:00:01.060902 nspr-3   WARNING [COM]: aRC=NS_ERROR_FAILURE (0x80004005) aIID={16ced992-5fdc-4aba-aff5-6a39bbd7c38b} aComponent={HostWrap} aText={VirtualBox is not currently allowed to access USB devices.  You can change this by adding your user to the 'vboxusers' group.  Please see the user manual for a more detailed explanation}, preserve=true  aResultDetail=0
00:03:20.765634 nspr-2   Saving settings file "/home/ocsiker/.config/VirtualBox/VirtualBox.xml" with version "1.12-linux"
00:03:22.797923 nspr-3   WARNING [COM]: aRC=NS_ERROR_FAILURE (0x80004005) aIID={16ced992-5fdc-4aba-aff5-6a39bbd7c38b} aComponent={HostWrap} aText={VirtualBox is not currently allowed to access USB devices.  You can change this by adding your user to the 'vboxusers' group.  Please see the user manual for a more detailed explanation}, preserve=true  aResultDetail=0
00:03:22.799712 nspr-3   WARNING [COM]: aRC=NS_ERROR_FAILURE (0x80004005) aIID={16ced992-5fdc-4aba-aff5-6a39bbd7c38b} aComponent={HostWrap} aText={VirtualBox is not currently allowed to access USB devices.  You can change this by adding your user to the 'vboxusers' group.  Please see the user manual for a more detailed explanation}, preserve=true  aResultDetail=0
00:03:24.054107 nspr-4   WARNING [COM]: aRC=NS_ERROR_FAILURE (0x80004005) aIID={16ced992-5fdc-4aba-aff5-6a39bbd7c38b} aComponent={HostWrap} aText={VirtualBox is not currently allowed to access USB devices.  You can change this by adding your user to the 'vboxusers' group.  Please see the user manual for a more detailed explanation}, preserve=true  aResultDetail=0
00:03:24.055782 nspr-4   WARNING [COM]: aRC=NS_ERROR_FAILURE (0x80004005) aIID={16ced992-5fdc-4aba-aff5-6a39bbd7c38b} aComponent={HostWrap} aText={VirtualBox is not currently allowed to access USB devices.  You can change this by adding your user to the 'vboxusers' group.  Please see the user manual for a more detailed explanation}, preserve=true  aResultDetail=0
00:04:38.263199 nspr-4   WARNING [COM]: aRC=NS_ERROR_FAILURE (0x80004005) aIID={16ced992-5fdc-4aba-aff5-6a39bbd7c38b} aComponent={HostWrap} aText={VirtualBox is not currently allowed to access USB devices.  You can change this by adding your user to the 'vboxusers' group.  Please see the user manual for a more detailed explanation}, preserve=true  aResultDetail=0
00:04:38.284448 nspr-2   WARNING [COM]: aRC=NS_ERROR_FAILURE (0x80004005) aIID={16ced992-5fdc-4aba-aff5-6a39bbd7c38b} aComponent={HostWrap} aText={VirtualBox is not currently allowed to access USB devices.  You can change this by adding your user to the 'vboxusers' group.  Please see the user manual for a more detailed explanation}, preserve=true  aResultDetail=0
00:04:38.285379 nspr-2   WARNING [COM]: aRC=NS_ERROR_FAILURE (0x80004005) aIID={16ced992-5fdc-4aba-aff5-6a39bbd7c38b} aComponent={HostWrap} aText={VirtualBox is not currently allowed to access USB devices.  You can change this by adding your user to the 'vboxusers' group.  Please see the user manual for a more detailed explanation}, preserve=true  aResultDetail=0
00:04:38.794406 nspr-2   Launched VM: 671100224 pid: 122112 (0x1dd00) frontend: GUI/Qt name:  window 10
00:04:38.874123 nspr-2   WARNING [COM]: aRC=NS_ERROR_FAILURE (0x80004005) aIID={16ced992-5fdc-4aba-aff5-6a39bbd7c38b} aComponent={HostWrap} aText={VirtualBox is not currently allowed to access USB devices.  You can change this by adding your user to the 'vboxusers' group.  Please see the user manual for a more detailed explanation}, preserve=true  aResultDetail=0
00:04:38.875668 nspr-2   WARNING [COM]: aRC=NS_ERROR_FAILURE (0x80004005) aIID={16ced992-5fdc-4aba-aff5-6a39bbd7c38b} aComponent={HostWrap} aText={VirtualBox is not currently allowed to access USB devices.  You can change this by adding your user to the 'vboxusers' group.  Please see the user manual for a more detailed explanation}, preserve=true  aResultDetail=0
00:04:39.047138 nspr-5   WARNING [COM]: aRC=NS_ERROR_FAILURE (0x80004005) aIID={16ced992-5fdc-4aba-aff5-6a39bbd7c38b} aComponent={HostWrap} aText={VirtualBox is not currently allowed to access USB devices.  You can change this by adding your user to the 'vboxusers' group.  Please see the user manual for a more detailed explanation}, preserve=true  aResultDetail=0
00:04:39.048045 nspr-5   WARNING [COM]: aRC=NS_ERROR_FAILURE (0x80004005) aIID={16ced992-5fdc-4aba-aff5-6a39bbd7c38b} aComponent={HostWrap} aText={VirtualBox is not currently allowed to access USB devices.  You can change this by adding your user to the 'vboxusers' group.  Please see the user manual for a more detailed explanation}, preserve=true  aResultDetail=0
00:04:39.647776 nspr-3   WARNING [COM]: aRC=NS_ERROR_FAILURE (0x80004005) aIID={16ced992-5fdc-4aba-aff5-6a39bbd7c38b} aComponent={HostWrap} aText={VirtualBox is not currently allowed to access USB devices.  You can change this by adding your user to the 'vboxusers' group.  Please see the user manual for a more detailed explanation}, preserve=true  aResultDetail=0
00:04:39.649215 nspr-2   WARNING [COM]: aRC=NS_ERROR_FAILURE (0x80004005) aIID={16ced992-5fdc-4aba-aff5-6a39bbd7c38b} aComponent={HostWrap} aText={VirtualBox is not currently allowed to access USB devices.  You can change this by adding your user to the 'vboxusers' group.  Please see the user manual for a more detailed explanation}, preserve=true  aResultDetail=0
00:04:39.651265 nspr-2   Load [/usr/lib/virtualbox/ExtensionPacks/Oracle_VM_VirtualBox_Extension_Pack/linux.amd64/VBoxHostWebcam.so] vrc=VINF_SUCCESS
00:04:39.651644 nspr-3   WARNING [COM]: aRC=NS_ERROR_FAILURE (0x80004005) aIID={16ced992-5fdc-4aba-aff5-6a39bbd7c38b} aComponent={HostWrap} aText={VirtualBox is not currently allowed to access USB devices.  You can change this by adding your user to the 'vboxusers' group.  Please see the user manual for a more detailed explanation}, preserve=true  aResultDetail=0
00:04:39.710787 nspr-3   WARNING [COM]: aRC=NS_ERROR_FAILURE (0x80004005) aIID={16ced992-5fdc-4aba-aff5-6a39bbd7c38b} aComponent={HostWrap} aText={VirtualBox is not currently allowed to access USB devices.  You can change this by adding your user to the 'vboxusers' group.  Please see the user manual for a more detailed explanation}, preserve=true  aResultDetail=0
00:04:39.711748 nspr-2   WARNING [COM]: aRC=NS_ERROR_FAILURE (0x80004005) aIID={16ced992-5fdc-4aba-aff5-6a39bbd7c38b} aComponent={HostWrap} aText={VirtualBox is not currently allowed to access USB devices.  You can change this by adding your user to the 'vboxusers' group.  Please see the user manual for a more detailed explanation}, preserve=true  aResultDetail=0
00:04:39.744807 nspr-2   ERROR [COM]: aRC=VBOX_E_IPRT_ERROR (0x80bb0005) aIID={85632c68-b5bb-4316-a900-5eb28d3413df} aComponent={SessionMachine} aText={Saved screenshot data is not available (VERR_NOT_SUPPORTED)}, preserve=false aResultDetail=-37
00:04:39.820331 nspr-8   WARNING [COM]: aRC=NS_ERROR_FAILURE (0x80004005) aIID={16ced992-5fdc-4aba-aff5-6a39bbd7c38b} aComponent={HostWrap} aText={VirtualBox is not currently allowed to access USB devices.  You can change this by adding your user to the 'vboxusers' group.  Please see the user manual for a more detailed explanation}, preserve=true  aResultDetail=0
00:04:39.903621 nspr-5   WARNING [COM]: aRC=NS_ERROR_FAILURE (0x80004005) aIID={16ced992-5fdc-4aba-aff5-6a39bbd7c38b} aComponent={HostWrap} aText={VirtualBox is not currently allowed to access USB devices.  You can change this by adding your user to the 'vboxusers' group.  Please see the user manual for a more detailed explanation}, preserve=true  aResultDetail=0
00:04:39.905208 nspr-2   WARNING [COM]: aRC=NS_ERROR_FAILURE (0x80004005) aIID={16ced992-5fdc-4aba-aff5-6a39bbd7c38b} aComponent={HostWrap} aText={VirtualBox is not currently allowed to access USB devices.  You can change this by adding your user to the 'vboxusers' group.  Please see the user manual for a more detailed explanation}, preserve=true  aResultDetail=0
00:04:40.610383 nspr-3   WARNING [COM]: aRC=NS_ERROR_FAILURE (0x80004005) aIID={16ced992-5fdc-4aba-aff5-6a39bbd7c38b} aComponent={HostWrap} aText={VirtualBox is not currently allowed to access USB devices.  You can change this by adding your user to the 'vboxusers' group.  Please see the user manual for a more detailed explanation}, preserve=true  aResultDetail=0
00:04:40.612241 nspr-3   WARNING [COM]: aRC=NS_ERROR_FAILURE (0x80004005) aIID={16ced992-5fdc-4aba-aff5-6a39bbd7c38b} aComponent={HostWrap} aText={VirtualBox is not currently allowed to access USB devices.  You can change this by adding your user to the 'vboxusers' group.  Please see the user manual for a more detailed explanation}, preserve=true  aResultDetail=0
00:04:48.113238 nspr-6   Saving settings file "/home/ocsiker/.config/VirtualBox/VirtualBox.xml" with version "1.12-linux"
00:08:51.619538 nspr-4   Saving settings file "/home/ocsiker/.config/VirtualBox/VirtualBox.xml" with version "1.12-linux"
00:08:51.628007 nspr-7   Saving settings file "/home/ocsiker/.config/VirtualBox/VirtualBox.xml" with version "1.12-linux"
00:09:01.367437 nspr-4   Saving settings file "/home/ocsiker/VirtualBox VMs/_window 10/_window 10.vbox" with version "1.15-linux"
00:09:01.727581 nspr-3   Saving settings file "/home/ocsiker/VirtualBox VMs/_window 10/_window 10.vbox" with version "1.15-linux"
00:09:02.315906 nspr-4   Saving settings file "/home/ocsiker/VirtualBox VMs/_window 10/_window 10.vbox" with version "1.15-linux"
00:09:40.375148 nspr-2   WARNING [COM]: aRC=NS_ERROR_FAILURE (0x80004005) aIID={16ced992-5fdc-4aba-aff5-6a39bbd7c38b} aComponent={HostWrap} aText={VirtualBox is not currently allowed to access USB devices.  You can change this by adding your user to the 'vboxusers' group.  Please see the user manual for a more detailed explanation}, preserve=true  aResultDetail=0
00:09:40.377661 nspr-8   WARNING [COM]: aRC=NS_ERROR_FAILURE (0x80004005) aIID={16ced992-5fdc-4aba-aff5-6a39bbd7c38b} aComponent={HostWrap} aText={VirtualBox is not currently allowed to access USB devices.  You can change this by adding your user to the 'vboxusers' group.  Please see the user manual for a more detailed explanation}, preserve=true  aResultDetail=0
00:11:22.036716 nspr-7   Saving settings file "/home/ocsiker/.config/VirtualBox/VirtualBox.xml" with version "1.12-linux"
00:11:29.999381 nspr-2   Load [/usr/lib/virtualbox/ExtensionPacks/Oracle_VM_VirtualBox_Extension_Pack/linux.amd64/VBoxHostWebcam.so] vrc=VINF_SUCCESS
00:11:43.244034 nspr-6   Saving settings file "/home/ocsiker/.config/VirtualBox/VirtualBox.xml" with version "1.12-linux"
00:57:59.473670 main     Saving settings file "/home/ocsiker/VirtualBox VMs/_window 10/_window 10.vbox" with version "1.15-linux"
00:58:00.014435 Watcher  Reaper: Pid 122112 (1dd00) was signalled: 9 (0x9)
00:58:04.489755 main     VirtualBox: object deletion starts
00:58:04.490617 main     ERROR [COM]: aRC=VBOX_E_OBJECT_IN_USE (0x80bb000c) aIID={ad47ad09-787b-44ab-b343-a082a3f2dfb1} aComponent={MediumWrap} aText={Medium '/home/ocsiker/VirtualBox VMs/_window 10/_window 10.vdi' cannot be closed because it is still attached to 1 virtual machines}, preserve=false aResultDetail=0
00:58:04.495597 main     HostDnsMonitor: shutting down ...
00:58:04.509805 main     HostDnsMonitor: shut down
00:58:04.515330 Watcher  ERROR [COM]: aRC=E_ACCESSDENIED (0x80070005) aIID={d0a0163f-e254-4e5b-a1f2-011cf991c38d} aComponent={VirtualBoxWrap} aText={The object is not ready}, preserve=false aResultDetail=0
00:58:09.509943 main     {00007f262c0174b0} HostPowerServiceLinux::~HostPowerServiceLinux: RTThreadWait() for 5000 ms failed with VERR_TIMEOUT
00:58:09.514869 main     VirtualBox: object deleted
